<?xml version="1.0" encoding="UTF-8"?>
<!-- Generated by org.testng.reporters.JUnitReportReporter -->
<testsuite skipped="0" hostname="ojt40-PC" name="Runner.Runner" tests="1" failures="0" timestamp="17 Jul 2019 13:02:29 GMT" time="60.617" errors="0">
  <testcase name="feature" time="60.617" classname="Runner.Runner"/>
</testsuite> <!-- Runner.Runner -->
