<?xml version="1.0" encoding="UTF-8"?>
<!-- Generated by org.testng.reporters.JUnitReportReporter -->
<testsuite skipped="0" hostname="ojt40-PC" name="DriverFactory.AppTest" tests="1" failures="0" timestamp="16 Jul 2019 12:10:29 GMT" time="43.051" errors="0">
  <testcase name="kickStart" time="43.051" classname="DriverFactory.AppTest"/>
</testsuite> <!-- DriverFactory.AppTest -->
